2021-05-28 14:05:55,918@yui_chess.manager INFO # config type: normal
2021-05-28 14:06:02,788@yui_chess.manager INFO # config type: normal
2021-05-28 14:08:14,380@yui_chess.manager INFO # config type: normal
2021-05-28 14:10:36,624@yui_chess.manager INFO # config type: normal
2021-05-28 14:10:40,658@tensorflow WARNING # From C:\Users\ali20\Downloads\yUicHess\src\yui_chess\agent\api_chess.py:15: The name tf.keras.backend.set_session is deprecated. Please use tf.compat.v1.keras.backend.set_session instead.

2021-05-28 14:10:54,740@yui_chess.manager INFO # config type: normal
2021-05-28 14:10:57,372@tensorflow WARNING # From C:\Users\ali20\Downloads\yUicHess\src\yui_chess\agent\api_chess.py:15: The name tf.keras.backend.set_session is deprecated. Please use tf.compat.v1.keras.backend.set_session instead.

2021-05-28 14:12:45,030@yui_chess.manager INFO # config type: normal
2021-05-28 14:12:47,829@tensorflow WARNING # From C:\Users\ali20\Downloads\yUicHess\src\yui_chess\agent\api_chess.py:15: The name tf.keras.backend.set_session is deprecated. Please use tf.compat.v1.keras.backend.set_session instead.

2021-05-28 14:12:47,985@yui_chess.agent.model_chess DEBUG # loading model from C:\Users\ali20\Downloads\yUicHess\data\model\model_best_config.json
2021-05-28 14:12:47,991@tensorflow WARNING # From C:\Users\ali20\anaconda3\envs\tensorflow\lib\site-packages\keras\backend\tensorflow_backend.py:442: The name tf.placeholder is deprecated. Please use tf.compat.v1.placeholder instead.

2021-05-28 14:12:48,015@tensorflow WARNING # From C:\Users\ali20\anaconda3\envs\tensorflow\lib\site-packages\keras\backend\tensorflow_backend.py:3543: The name tf.random_uniform is deprecated. Please use tf.random.uniform instead.

2021-05-28 14:12:48,033@tensorflow WARNING # From C:\Users\ali20\anaconda3\envs\tensorflow\lib\site-packages\keras\backend\tensorflow_backend.py:1188: calling reduce_sum_v1 (from tensorflow.python.ops.math_ops) with keep_dims is deprecated and will be removed in a future version.
Instructions for updating:
keep_dims is deprecated, use keepdims instead
2021-05-28 14:12:48,068@tensorflow WARNING # From C:\Users\ali20\anaconda3\envs\tensorflow\lib\site-packages\keras\backend\tensorflow_backend.py:112: The name tf.get_default_graph is deprecated. Please use tf.compat.v1.get_default_graph instead.

2021-05-28 14:12:48,669@tensorflow WARNING # From C:\Users\ali20\anaconda3\envs\tensorflow\lib\site-packages\keras\backend\tensorflow_backend.py:1205: calling reduce_prod_v1 (from tensorflow.python.ops.math_ops) with keep_dims is deprecated and will be removed in a future version.
Instructions for updating:
keep_dims is deprecated, use keepdims instead
2021-05-28 14:12:48,921@tensorflow WARNING # From C:\Users\ali20\anaconda3\envs\tensorflow\lib\site-packages\keras\backend\tensorflow_backend.py:153: The name tf.get_default_session is deprecated. Please use tf.compat.v1.get_default_session instead.

2021-05-28 14:12:48,922@tensorflow WARNING # From C:\Users\ali20\anaconda3\envs\tensorflow\lib\site-packages\keras\backend\tensorflow_backend.py:158: The name tf.ConfigProto is deprecated. Please use tf.compat.v1.ConfigProto instead.

2021-05-28 14:12:48,922@tensorflow WARNING # From C:\Users\ali20\anaconda3\envs\tensorflow\lib\site-packages\keras\backend\tensorflow_backend.py:163: The name tf.Session is deprecated. Please use tf.compat.v1.Session instead.

2021-05-28 14:12:48,972@tensorflow WARNING # From C:\Users\ali20\anaconda3\envs\tensorflow\lib\site-packages\keras\backend\tensorflow_backend.py:333: The name tf.global_variables is deprecated. Please use tf.compat.v1.global_variables instead.

2021-05-28 14:12:48,973@tensorflow WARNING # From C:\Users\ali20\anaconda3\envs\tensorflow\lib\site-packages\keras\backend\tensorflow_backend.py:341: The name tf.variables_initializer is deprecated. Please use tf.compat.v1.variables_initializer instead.

2021-05-28 14:12:49,428@yui_chess.agent.model_chess DEBUG # loaded model digest = 259dc1c022276e4d6d2c7faa7b037a20ccac4b4a039cce14548ed47b45894b78
2021-05-28 14:13:00,806@yui_chess.manager INFO # config type: normal
2021-05-28 14:13:03,416@tensorflow WARNING # From C:\Users\ali20\Downloads\yUicHess\src\yui_chess\agent\api_chess.py:15: The name tf.keras.backend.set_session is deprecated. Please use tf.compat.v1.keras.backend.set_session instead.

2021-05-28 14:13:03,561@yui_chess.agent.model_chess DEBUG # loading model from C:\Users\ali20\Downloads\yUicHess\data\model\model_best_config.json
2021-05-28 14:13:03,562@tensorflow WARNING # From C:\Users\ali20\anaconda3\envs\tensorflow\lib\site-packages\keras\backend\tensorflow_backend.py:442: The name tf.placeholder is deprecated. Please use tf.compat.v1.placeholder instead.

2021-05-28 14:13:03,569@tensorflow WARNING # From C:\Users\ali20\anaconda3\envs\tensorflow\lib\site-packages\keras\backend\tensorflow_backend.py:3543: The name tf.random_uniform is deprecated. Please use tf.random.uniform instead.

2021-05-28 14:13:03,576@tensorflow WARNING # From C:\Users\ali20\anaconda3\envs\tensorflow\lib\site-packages\keras\backend\tensorflow_backend.py:1188: calling reduce_sum_v1 (from tensorflow.python.ops.math_ops) with keep_dims is deprecated and will be removed in a future version.
Instructions for updating:
keep_dims is deprecated, use keepdims instead
2021-05-28 14:13:03,598@tensorflow WARNING # From C:\Users\ali20\anaconda3\envs\tensorflow\lib\site-packages\keras\backend\tensorflow_backend.py:112: The name tf.get_default_graph is deprecated. Please use tf.compat.v1.get_default_graph instead.

2021-05-28 14:13:04,210@tensorflow WARNING # From C:\Users\ali20\anaconda3\envs\tensorflow\lib\site-packages\keras\backend\tensorflow_backend.py:1205: calling reduce_prod_v1 (from tensorflow.python.ops.math_ops) with keep_dims is deprecated and will be removed in a future version.
Instructions for updating:
keep_dims is deprecated, use keepdims instead
2021-05-28 14:13:04,346@tensorflow WARNING # From C:\Users\ali20\anaconda3\envs\tensorflow\lib\site-packages\keras\backend\tensorflow_backend.py:153: The name tf.get_default_session is deprecated. Please use tf.compat.v1.get_default_session instead.

2021-05-28 14:13:04,347@tensorflow WARNING # From C:\Users\ali20\anaconda3\envs\tensorflow\lib\site-packages\keras\backend\tensorflow_backend.py:158: The name tf.ConfigProto is deprecated. Please use tf.compat.v1.ConfigProto instead.

2021-05-28 14:13:04,348@tensorflow WARNING # From C:\Users\ali20\anaconda3\envs\tensorflow\lib\site-packages\keras\backend\tensorflow_backend.py:163: The name tf.Session is deprecated. Please use tf.compat.v1.Session instead.

2021-05-28 14:13:04,403@tensorflow WARNING # From C:\Users\ali20\anaconda3\envs\tensorflow\lib\site-packages\keras\backend\tensorflow_backend.py:333: The name tf.global_variables is deprecated. Please use tf.compat.v1.global_variables instead.

2021-05-28 14:13:04,404@tensorflow WARNING # From C:\Users\ali20\anaconda3\envs\tensorflow\lib\site-packages\keras\backend\tensorflow_backend.py:341: The name tf.variables_initializer is deprecated. Please use tf.compat.v1.variables_initializer instead.

2021-05-28 14:13:04,705@yui_chess.agent.model_chess DEBUG # loaded model digest = 259dc1c022276e4d6d2c7faa7b037a20ccac4b4a039cce14548ed47b45894b78
2021-05-28 14:14:41,525@yui_chess.manager INFO # config type: normal
2021-05-28 14:14:44,286@tensorflow WARNING # From C:\Users\ali20\Downloads\yUicHess\src\yui_chess\agent\api_chess.py:15: The name tf.keras.backend.set_session is deprecated. Please use tf.compat.v1.keras.backend.set_session instead.

2021-05-28 14:14:44,429@yui_chess.agent.model_chess DEBUG # loading model from C:\Users\ali20\Downloads\yUicHess\data\model\model_best_config.json
2021-05-28 14:14:44,430@tensorflow WARNING # From C:\Users\ali20\anaconda3\envs\tensorflow\lib\site-packages\keras\backend\tensorflow_backend.py:442: The name tf.placeholder is deprecated. Please use tf.compat.v1.placeholder instead.

2021-05-28 14:14:44,436@tensorflow WARNING # From C:\Users\ali20\anaconda3\envs\tensorflow\lib\site-packages\keras\backend\tensorflow_backend.py:3543: The name tf.random_uniform is deprecated. Please use tf.random.uniform instead.

2021-05-28 14:14:44,443@tensorflow WARNING # From C:\Users\ali20\anaconda3\envs\tensorflow\lib\site-packages\keras\backend\tensorflow_backend.py:1188: calling reduce_sum_v1 (from tensorflow.python.ops.math_ops) with keep_dims is deprecated and will be removed in a future version.
Instructions for updating:
keep_dims is deprecated, use keepdims instead
2021-05-28 14:14:44,468@tensorflow WARNING # From C:\Users\ali20\anaconda3\envs\tensorflow\lib\site-packages\keras\backend\tensorflow_backend.py:112: The name tf.get_default_graph is deprecated. Please use tf.compat.v1.get_default_graph instead.

2021-05-28 14:14:45,080@tensorflow WARNING # From C:\Users\ali20\anaconda3\envs\tensorflow\lib\site-packages\keras\backend\tensorflow_backend.py:1205: calling reduce_prod_v1 (from tensorflow.python.ops.math_ops) with keep_dims is deprecated and will be removed in a future version.
Instructions for updating:
keep_dims is deprecated, use keepdims instead
2021-05-28 14:14:45,220@tensorflow WARNING # From C:\Users\ali20\anaconda3\envs\tensorflow\lib\site-packages\keras\backend\tensorflow_backend.py:153: The name tf.get_default_session is deprecated. Please use tf.compat.v1.get_default_session instead.

2021-05-28 14:14:45,221@tensorflow WARNING # From C:\Users\ali20\anaconda3\envs\tensorflow\lib\site-packages\keras\backend\tensorflow_backend.py:158: The name tf.ConfigProto is deprecated. Please use tf.compat.v1.ConfigProto instead.

2021-05-28 14:14:45,222@tensorflow WARNING # From C:\Users\ali20\anaconda3\envs\tensorflow\lib\site-packages\keras\backend\tensorflow_backend.py:163: The name tf.Session is deprecated. Please use tf.compat.v1.Session instead.

2021-05-28 14:14:45,273@tensorflow WARNING # From C:\Users\ali20\anaconda3\envs\tensorflow\lib\site-packages\keras\backend\tensorflow_backend.py:333: The name tf.global_variables is deprecated. Please use tf.compat.v1.global_variables instead.

2021-05-28 14:14:45,274@tensorflow WARNING # From C:\Users\ali20\anaconda3\envs\tensorflow\lib\site-packages\keras\backend\tensorflow_backend.py:341: The name tf.variables_initializer is deprecated. Please use tf.compat.v1.variables_initializer instead.

2021-05-28 14:14:45,565@yui_chess.agent.model_chess DEBUG # loaded model digest = 259dc1c022276e4d6d2c7faa7b037a20ccac4b4a039cce14548ed47b45894b78
